# JRE version: OpenJDK Runtime Environment (8.0_181-b13) (build 1.8.0_181-8u181-b13-0ubuntu0.16.04.1-b13)
# Java VM: OpenJDK 64-Bit Server VM (25.181-b13 mixed mode linux-amd64 compressed oops)
Heap:
 def new generation   total 99072K, used 0K [0x00000000c0000000, 0x00000000c6b70000, 0x00000000d5550000)
  eden space 88128K,   0% used [0x00000000c0000000, 0x00000000c0000000, 0x00000000c5610000)
  from space 10944K,   0% used [0x00000000c5610000, 0x00000000c5610000, 0x00000000c60c0000)
  to   space 10944K,   0% used [0x00000000c60c0000, 0x00000000c60c0000, 0x00000000c6b70000)
 tenured generation   total 237964K, used 142777K [0x00000000d5550000, 0x00000000e3db3000, 0x0000000100000000)
   the space 237964K,  59% used [0x00000000d5550000, 0x00000000de0be4d0, 0x00000000de0be600, 0x00000000e3db3000)
 Metaspace       used 103667K, capacity 107121K, committed 107352K, reserved 1142784K
  class space    used 13326K, capacity 13897K, committed 13912K, reserved 1048576K
GC Heap History (10 events):
Event: 6226.440 GC heap after
Heap after GC invocations=1345 (full 18):
 def new generation   total 99072K, used 2749K [0x00000000c0000000, 0x00000000c6b70000, 0x00000000d5550000)
  eden space 88128K,   0% used [0x00000000c0000000, 0x00000000c0000000, 0x00000000c5610000)
  from space 10944K,  25% used [0x00000000c60c0000, 0x00000000c636f778, 0x00000000c6b70000)
  to   space 10944K,   0% used [0x00000000c5610000, 0x00000000c5610000, 0x00000000c60c0000)
 tenured generation   total 219932K, used 216479K [0x00000000d5550000, 0x00000000e2c17000, 0x0000000100000000)
   the space 219932K,  98% used [0x00000000d5550000, 0x00000000e28b7f38, 0x00000000e28b8000, 0x00000000e2c17000)
 Metaspace       used 103665K, capacity 107121K, committed 107352K, reserved 1142784K
  class space    used 13326K, capacity 13897K, committed 13912K, reserved 1048576K
}
Event: 6226.672 GC heap before
{Heap before GC invocations=1345 (full 18):
 def new generation   total 99072K, used 90877K [0x00000000c0000000, 0x00000000c6b70000, 0x00000000d5550000)
  eden space 88128K, 100% used [0x00000000c0000000, 0x00000000c5610000, 0x00000000c5610000)
  from space 10944K,  25% used [0x00000000c60c0000, 0x00000000c636f778, 0x00000000c6b70000)
  to   space 10944K,   0% used [0x00000000c5610000, 0x00000000c5610000, 0x00000000c60c0000)
 tenured generation   total 219932K, used 216479K [0x00000000d5550000, 0x00000000e2c17000, 0x0000000100000000)
   the space 219932K,  98% used [0x00000000d5550000, 0x00000000e28b7f38, 0x00000000e28b8000, 0x00000000e2c17000)
 Metaspace       used 103665K, capacity 107121K, committed 107352K, reserved 1142784K
  class space    used 13326K, capacity 13897K, committed 13912K, reserved 1048576K
Event: 6226.695 GC heap after
Heap after GC invocations=1346 (full 18):
 def new generation   total 99072K, used 2797K [0x00000000c0000000, 0x00000000c6b70000, 0x00000000d5550000)
  eden space 88128K,   0% used [0x00000000c0000000, 0x00000000c0000000, 0x00000000c5610000)
  from space 10944K,  25% used [0x00000000c5610000, 0x00000000c58cb6f8, 0x00000000c60c0000)
  to   space 10944K,   0% used [0x00000000c60c0000, 0x00000000c60c0000, 0x00000000c6b70000)
 tenured generation   total 219932K, used 216479K [0x00000000d5550000, 0x00000000e2c17000, 0x0000000100000000)
   the space 219932K,  98% used [0x00000000d5550000, 0x00000000e28b7f38, 0x00000000e28b8000, 0x00000000e2c17000)
 Metaspace       used 103665K, capacity 107121K, committed 107352K, reserved 1142784K
  class space    used 13326K, capacity 13897K, committed 13912K, reserved 1048576K
}
Event: 6226.909 GC heap before
{Heap before GC invocations=1346 (full 18):
 def new generation   total 99072K, used 90925K [0x00000000c0000000, 0x00000000c6b70000, 0x00000000d5550000)
  eden space 88128K, 100% used [0x00000000c0000000, 0x00000000c5610000, 0x00000000c5610000)
  from space 10944K,  25% used [0x00000000c5610000, 0x00000000c58cb6f8, 0x00000000c60c0000)
  to   space 10944K,   0% used [0x00000000c60c0000, 0x00000000c60c0000, 0x00000000c6b70000)
 tenured generation   total 219932K, used 216479K [0x00000000d5550000, 0x00000000e2c17000, 0x0000000100000000)
   the space 219932K,  98% used [0x00000000d5550000, 0x00000000e28b7f38, 0x00000000e28b8000, 0x00000000e2c17000)
 Metaspace       used 103665K, capacity 107121K, committed 107352K, reserved 1142784K
  class space    used 13326K, capacity 13897K, committed 13912K, reserved 1048576K
Event: 6226.923 GC heap after
Heap after GC invocations=1347 (full 18):
 def new generation   total 99072K, used 2796K [0x00000000c0000000, 0x00000000c6b70000, 0x00000000d5550000)
  eden space 88128K,   0% used [0x00000000c0000000, 0x00000000c0000000, 0x00000000c5610000)
  from space 10944K,  25% used [0x00000000c60c0000, 0x00000000c637b0a8, 0x00000000c6b70000)
  to   space 10944K,   0% used [0x00000000c5610000, 0x00000000c5610000, 0x00000000c60c0000)
 tenured generation   total 219932K, used 216479K [0x00000000d5550000, 0x00000000e2c17000, 0x0000000100000000)
   the space 219932K,  98% used [0x00000000d5550000, 0x00000000e28b7f38, 0x00000000e28b8000, 0x00000000e2c17000)
 Metaspace       used 103665K, capacity 107121K, committed 107352K, reserved 1142784K
  class space    used 13326K, capacity 13897K, committed 13912K, reserved 1048576K
}
Event: 6227.146 GC heap before
{Heap before GC invocations=1347 (full 18):
 def new generation   total 99072K, used 90924K [0x00000000c0000000, 0x00000000c6b70000, 0x00000000d5550000)
  eden space 88128K, 100% used [0x00000000c0000000, 0x00000000c5610000, 0x00000000c5610000)
  from space 10944K,  25% used [0x00000000c60c0000, 0x00000000c637b0a8, 0x00000000c6b70000)
  to   space 10944K,   0% used [0x00000000c5610000, 0x00000000c5610000, 0x00000000c60c0000)
 tenured generation   total 219932K, used 216479K [0x00000000d5550000, 0x00000000e2c17000, 0x0000000100000000)
   the space 219932K,  98% used [0x00000000d5550000, 0x00000000e28b7f38, 0x00000000e28b8000, 0x00000000e2c17000)
 Metaspace       used 103665K, capacity 107121K, committed 107352K, reserved 1142784K
  class space    used 13326K, capacity 13897K, committed 13912K, reserved 1048576K
Event: 6227.161 GC heap after
Heap after GC invocations=1348 (full 18):
 def new generation   total 99072K, used 3266K [0x00000000c0000000, 0x00000000c6b70000, 0x00000000d5550000)
  eden space 88128K,   0% used [0x00000000c0000000, 0x00000000c0000000, 0x00000000c5610000)
  from space 10944K,  29% used [0x00000000c5610000, 0x00000000c59409b0, 0x00000000c60c0000)
  to   space 10944K,   0% used [0x00000000c60c0000, 0x00000000c60c0000, 0x00000000c6b70000)
 tenured generation   total 219932K, used 216523K [0x00000000d5550000, 0x00000000e2c17000, 0x0000000100000000)
   the space 219932K,  98% used [0x00000000d5550000, 0x00000000e28c2ee8, 0x00000000e28c3000, 0x00000000e2c17000)
 Metaspace       used 103665K, capacity 107121K, committed 107352K, reserved 1142784K
  class space    used 13326K, capacity 13897K, committed 13912K, reserved 1048576K
}
Event: 6227.351 GC heap before
{Heap before GC invocations=1348 (full 18):
 def new generation   total 99072K, used 77020K [0x00000000c0000000, 0x00000000c6b70000, 0x00000000d5550000)
  eden space 88128K,  83% used [0x00000000c0000000, 0x00000000c48069e8, 0x00000000c5610000)
  from space 10944K,  29% used [0x00000000c5610000, 0x00000000c59409b0, 0x00000000c60c0000)
  to   space 10944K,   0% used [0x00000000c60c0000, 0x00000000c60c0000, 0x00000000c6b70000)
 tenured generation   total 219932K, used 216523K [0x00000000d5550000, 0x00000000e2c17000, 0x0000000100000000)
   the space 219932K,  98% used [0x00000000d5550000, 0x00000000e28c2ee8, 0x00000000e28c3000, 0x00000000e2c17000)
 Metaspace       used 103665K, capacity 107121K, committed 107352K, reserved 1142784K
  class space    used 13326K, capacity 13897K, committed 13912K, reserved 1048576K
Event: 6227.386 GC heap after
Heap after GC invocations=1349 (full 18):
 def new generation   total 99072K, used 3268K [0x00000000c0000000, 0x00000000c6b70000, 0x00000000d5550000)
  eden space 88128K,   0% used [0x00000000c0000000, 0x00000000c0000000, 0x00000000c5610000)
  from space 10944K,  29% used [0x00000000c60c0000, 0x00000000c63f11c0, 0x00000000c6b70000)
  to   space 10944K,   0% used [0x00000000c5610000, 0x00000000c5610000, 0x00000000c60c0000)
 tenured generation   total 219932K, used 216523K [0x00000000d5550000, 0x00000000e2c17000, 0x0000000100000000)
   the space 219932K,  98% used [0x00000000d5550000, 0x00000000e28c2f60, 0x00000000e28c3000, 0x00000000e2c17000)
 Metaspace       used 103665K, capacity 107121K, committed 107352K, reserved 1142784K
  class space    used 13326K, capacity 13897K, committed 13912K, reserved 1048576K
}
Event: 6227.643 GC heap before
{Heap before GC invocations=1349 (full 18):
 def new generation   total 99072K, used 88612K [0x00000000c0000000, 0x00000000c6b70000, 0x00000000d5550000)
  eden space 88128K,  96% used [0x00000000c0000000, 0x00000000c5358230, 0x00000000c5610000)
  from space 10944K,  29% used [0x00000000c60c0000, 0x00000000c63f11c0, 0x00000000c6b70000)
  to   space 10944K,   0% used [0x00000000c5610000, 0x00000000c5610000, 0x00000000c60c0000)
 tenured generation   total 219932K, used 216523K [0x00000000d5550000, 0x00000000e2c17000, 0x0000000100000000)
   the space 219932K,  98% used [0x00000000d5550000, 0x00000000e28c2f60, 0x00000000e28c3000, 0x00000000e2c17000)
 Metaspace       used 103667K, capacity 107121K, committed 107352K, reserved 1142784K
  class space    used 13326K, capacity 13897K, committed 13912K, reserved 1048576K

