# JRE version: OpenJDK Runtime Environment (8.0_181-b13) (build 1.8.0_181-8u181-b13-0ubuntu0.16.04.1-b13)
# Java VM: OpenJDK 64-Bit Server VM (25.181-b13 mixed mode linux-amd64 compressed oops)
Heap:
 def new generation   total 56704K, used 0K [0x00000000c0000000, 0x00000000c3d80000, 0x00000000d5550000)
  eden space 50432K,   0% used [0x00000000c0000000, 0x00000000c0000000, 0x00000000c3140000)
  from space 6272K,   0% used [0x00000000c3760000, 0x00000000c3760000, 0x00000000c3d80000)
  to   space 6272K,   0% used [0x00000000c3140000, 0x00000000c3140000, 0x00000000c3760000)
 tenured generation   total 126008K, used 107885K [0x00000000d5550000, 0x00000000dd05e000, 0x0000000100000000)
   the space 126008K,  85% used [0x00000000d5550000, 0x00000000dbeab4c0, 0x00000000dbeab600, 0x00000000dd05e000)
 Metaspace       used 99802K, capacity 102324K, committed 102488K, reserved 1138688K
  class space    used 12953K, capacity 13399K, committed 13400K, reserved 1048576K
GC Heap History (10 events):
Event: 371.780 GC heap after
Heap after GC invocations=732 (full 9):
 def new generation   total 56704K, used 926K [0x00000000c0000000, 0x00000000c3d80000, 0x00000000d5550000)
  eden space 50432K,   0% used [0x00000000c0000000, 0x00000000c0000000, 0x00000000c3140000)
  from space 6272K,  14% used [0x00000000c3140000, 0x00000000c3227808, 0x00000000c3760000)
  to   space 6272K,   0% used [0x00000000c3760000, 0x00000000c3760000, 0x00000000c3d80000)
 tenured generation   total 125816K, used 125667K [0x00000000d5550000, 0x00000000dd02e000, 0x0000000100000000)
   the space 125816K,  99% used [0x00000000d5550000, 0x00000000dd008f00, 0x00000000dd009000, 0x00000000dd02e000)
 Metaspace       used 99729K, capacity 102254K, committed 102488K, reserved 1138688K
  class space    used 12952K, capacity 13398K, committed 13400K, reserved 1048576K
}
Event: 371.904 GC heap before
{Heap before GC invocations=732 (full 9):
 def new generation   total 56704K, used 51358K [0x00000000c0000000, 0x00000000c3d80000, 0x00000000d5550000)
  eden space 50432K, 100% used [0x00000000c0000000, 0x00000000c3140000, 0x00000000c3140000)
  from space 6272K,  14% used [0x00000000c3140000, 0x00000000c3227808, 0x00000000c3760000)
  to   space 6272K,   0% used [0x00000000c3760000, 0x00000000c3760000, 0x00000000c3d80000)
 tenured generation   total 125816K, used 125667K [0x00000000d5550000, 0x00000000dd02e000, 0x0000000100000000)
   the space 125816K,  99% used [0x00000000d5550000, 0x00000000dd008f00, 0x00000000dd009000, 0x00000000dd02e000)
 Metaspace       used 99729K, capacity 102254K, committed 102488K, reserved 1138688K
  class space    used 12952K, capacity 13398K, committed 13400K, reserved 1048576K
Event: 371.918 GC heap after
Heap after GC invocations=733 (full 9):
 def new generation   total 56704K, used 923K [0x00000000c0000000, 0x00000000c3d80000, 0x00000000d5550000)
  eden space 50432K,   0% used [0x00000000c0000000, 0x00000000c0000000, 0x00000000c3140000)
  from space 6272K,  14% used [0x00000000c3760000, 0x00000000c3846e80, 0x00000000c3d80000)
  to   space 6272K,   0% used [0x00000000c3140000, 0x00000000c3140000, 0x00000000c3760000)
 tenured generation   total 125816K, used 125667K [0x00000000d5550000, 0x00000000dd02e000, 0x0000000100000000)
   the space 125816K,  99% used [0x00000000d5550000, 0x00000000dd008f00, 0x00000000dd009000, 0x00000000dd02e000)
 Metaspace       used 99729K, capacity 102254K, committed 102488K, reserved 1138688K
  class space    used 12952K, capacity 13398K, committed 13400K, reserved 1048576K
}
Event: 372.228 GC heap before
{Heap before GC invocations=733 (full 9):
 def new generation   total 56704K, used 51355K [0x00000000c0000000, 0x00000000c3d80000, 0x00000000d5550000)
  eden space 50432K, 100% used [0x00000000c0000000, 0x00000000c3140000, 0x00000000c3140000)
  from space 6272K,  14% used [0x00000000c3760000, 0x00000000c3846e80, 0x00000000c3d80000)
  to   space 6272K,   0% used [0x00000000c3140000, 0x00000000c3140000, 0x00000000c3760000)
 tenured generation   total 125816K, used 125667K [0x00000000d5550000, 0x00000000dd02e000, 0x0000000100000000)
   the space 125816K,  99% used [0x00000000d5550000, 0x00000000dd008f00, 0x00000000dd009000, 0x00000000dd02e000)
 Metaspace       used 99799K, capacity 102324K, committed 102488K, reserved 1138688K
  class space    used 12953K, capacity 13399K, committed 13400K, reserved 1048576K
Event: 372.249 GC heap after
Heap after GC invocations=734 (full 9):
 def new generation   total 56704K, used 1681K [0x00000000c0000000, 0x00000000c3d80000, 0x00000000d5550000)
  eden space 50432K,   0% used [0x00000000c0000000, 0x00000000c0000000, 0x00000000c3140000)
  from space 6272K,  26% used [0x00000000c3140000, 0x00000000c32e46a0, 0x00000000c3760000)
  to   space 6272K,   0% used [0x00000000c3760000, 0x00000000c3760000, 0x00000000c3d80000)
 tenured generation   total 125816K, used 125667K [0x00000000d5550000, 0x00000000dd02e000, 0x0000000100000000)
   the space 125816K,  99% used [0x00000000d5550000, 0x00000000dd008f00, 0x00000000dd009000, 0x00000000dd02e000)
 Metaspace       used 99799K, capacity 102324K, committed 102488K, reserved 1138688K
  class space    used 12953K, capacity 13399K, committed 13400K, reserved 1048576K
}
Event: 372.368 GC heap before
{Heap before GC invocations=734 (full 9):
 def new generation   total 56704K, used 52113K [0x00000000c0000000, 0x00000000c3d80000, 0x00000000d5550000)
  eden space 50432K, 100% used [0x00000000c0000000, 0x00000000c3140000, 0x00000000c3140000)
  from space 6272K,  26% used [0x00000000c3140000, 0x00000000c32e46a0, 0x00000000c3760000)
  to   space 6272K,   0% used [0x00000000c3760000, 0x00000000c3760000, 0x00000000c3d80000)
 tenured generation   total 125816K, used 125667K [0x00000000d5550000, 0x00000000dd02e000, 0x0000000100000000)
   the space 125816K,  99% used [0x00000000d5550000, 0x00000000dd008f00, 0x00000000dd009000, 0x00000000dd02e000)
 Metaspace       used 99799K, capacity 102324K, committed 102488K, reserved 1138688K
  class space    used 12953K, capacity 13399K, committed 13400K, reserved 1048576K
Event: 372.384 GC heap after
Heap after GC invocations=735 (full 9):
 def new generation   total 56704K, used 1402K [0x00000000c0000000, 0x00000000c3d80000, 0x00000000d5550000)
  eden space 50432K,   0% used [0x00000000c0000000, 0x00000000c0000000, 0x00000000c3140000)
  from space 6272K,  22% used [0x00000000c3760000, 0x00000000c38bea98, 0x00000000c3d80000)
  to   space 6272K,   0% used [0x00000000c3140000, 0x00000000c3140000, 0x00000000c3760000)
 tenured generation   total 125816K, used 125667K [0x00000000d5550000, 0x00000000dd02e000, 0x0000000100000000)
   the space 125816K,  99% used [0x00000000d5550000, 0x00000000dd008f00, 0x00000000dd009000, 0x00000000dd02e000)
 Metaspace       used 99799K, capacity 102324K, committed 102488K, reserved 1138688K
  class space    used 12953K, capacity 13399K, committed 13400K, reserved 1048576K
}
Event: 372.484 GC heap before
{Heap before GC invocations=735 (full 9):
 def new generation   total 56704K, used 51834K [0x00000000c0000000, 0x00000000c3d80000, 0x00000000d5550000)
  eden space 50432K, 100% used [0x00000000c0000000, 0x00000000c3140000, 0x00000000c3140000)
  from space 6272K,  22% used [0x00000000c3760000, 0x00000000c38bea98, 0x00000000c3d80000)
  to   space 6272K,   0% used [0x00000000c3140000, 0x00000000c3140000, 0x00000000c3760000)
 tenured generation   total 125816K, used 125667K [0x00000000d5550000, 0x00000000dd02e000, 0x0000000100000000)
   the space 125816K,  99% used [0x00000000d5550000, 0x00000000dd008f00, 0x00000000dd009000, 0x00000000dd02e000)
 Metaspace       used 99802K, capacity 102324K, committed 102488K, reserved 1138688K
  class space    used 12953K, capacity 13399K, committed 13400K, reserved 1048576K
Event: 372.497 GC heap after
Heap after GC invocations=736 (full 9):
 def new generation   total 56704K, used 1528K [0x00000000c0000000, 0x00000000c3d80000, 0x00000000d5550000)
  eden space 50432K,   0% used [0x00000000c0000000, 0x00000000c0000000, 0x00000000c3140000)
  from space 6272K,  24% used [0x00000000c3140000, 0x00000000c32be230, 0x00000000c3760000)
  to   space 6272K,   0% used [0x00000000c3760000, 0x00000000c3760000, 0x00000000c3d80000)
 tenured generation   total 125816K, used 125667K [0x00000000d5550000, 0x00000000dd02e000, 0x0000000100000000)
   the space 125816K,  99% used [0x00000000d5550000, 0x00000000dd008f00, 0x00000000dd009000, 0x00000000dd02e000)
 Metaspace       used 99802K, capacity 102324K, committed 102488K, reserved 1138688K
  class space    used 12953K, capacity 13399K, committed 13400K, reserved 1048576K
}
Event: 372.588 GC heap before
{Heap before GC invocations=736 (full 9):
 def new generation   total 56704K, used 51960K [0x00000000c0000000, 0x00000000c3d80000, 0x00000000d5550000)
  eden space 50432K, 100% used [0x00000000c0000000, 0x00000000c3140000, 0x00000000c3140000)
  from space 6272K,  24% used [0x00000000c3140000, 0x00000000c32be230, 0x00000000c3760000)
  to   space 6272K,   0% used [0x00000000c3760000, 0x00000000c3760000, 0x00000000c3d80000)
 tenured generation   total 125816K, used 125667K [0x00000000d5550000, 0x00000000dd02e000, 0x0000000100000000)
   the space 125816K,  99% used [0x00000000d5550000, 0x00000000dd008f00, 0x00000000dd009000, 0x00000000dd02e000)
 Metaspace       used 99802K, capacity 102324K, committed 102488K, reserved 1138688K
  class space    used 12953K, capacity 13399K, committed 13400K, reserved 1048576K

