# JRE version: OpenJDK Runtime Environment (8.0_181-b13) (build 1.8.0_181-8u181-b13-0ubuntu0.16.04.1-b13)
# Java VM: OpenJDK 64-Bit Server VM (25.181-b13 mixed mode linux-amd64 compressed oops)
Heap:
 def new generation   total 128832K, used 0K [0x00000000c0000000, 0x00000000c8bc0000, 0x00000000d5550000)
  eden space 114560K,   0% used [0x00000000c0000000, 0x00000000c0000000, 0x00000000c6fe0000)
  from space 14272K,   0% used [0x00000000c7dd0000, 0x00000000c7dd0000, 0x00000000c8bc0000)
  to   space 14272K,   0% used [0x00000000c6fe0000, 0x00000000c6fe0000, 0x00000000c7dd0000)
 tenured generation   total 302480K, used 242992K [0x00000000d5550000, 0x00000000e7cb4000, 0x0000000100000000)
   the space 302480K,  80% used [0x00000000d5550000, 0x00000000e429c040, 0x00000000e429c200, 0x00000000e7cb4000)
 Metaspace       used 76703K, capacity 78372K, committed 78552K, reserved 1116160K
  class space    used 10607K, capacity 10871K, committed 10968K, reserved 1048576K
GC Heap History (10 events):
Event: 115.015 GC heap after
Heap after GC invocations=890 (full 14):
 def new generation   total 128832K, used 3078K [0x00000000c0000000, 0x00000000c8bc0000, 0x00000000d5550000)
  eden space 114560K,   0% used [0x00000000c0000000, 0x00000000c0000000, 0x00000000c6fe0000)
  from space 14272K,  21% used [0x00000000c6fe0000, 0x00000000c72e18a0, 0x00000000c7dd0000)
  to   space 14272K,   0% used [0x00000000c7dd0000, 0x00000000c7dd0000, 0x00000000c8bc0000)
 tenured generation   total 286092K, used 272961K [0x00000000d5550000, 0x00000000e6cb3000, 0x0000000100000000)
   the space 286092K,  95% used [0x00000000d5550000, 0x00000000e5fe05a8, 0x00000000e5fe0600, 0x00000000e6cb3000)
 Metaspace       used 76688K, capacity 78296K, committed 78552K, reserved 1116160K
  class space    used 10606K, capacity 10869K, committed 10968K, reserved 1048576K
}
Event: 115.264 GC heap before
{Heap before GC invocations=890 (full 14):
 def new generation   total 128832K, used 117638K [0x00000000c0000000, 0x00000000c8bc0000, 0x00000000d5550000)
  eden space 114560K, 100% used [0x00000000c0000000, 0x00000000c6fe0000, 0x00000000c6fe0000)
  from space 14272K,  21% used [0x00000000c6fe0000, 0x00000000c72e18a0, 0x00000000c7dd0000)
  to   space 14272K,   0% used [0x00000000c7dd0000, 0x00000000c7dd0000, 0x00000000c8bc0000)
 tenured generation   total 286092K, used 272961K [0x00000000d5550000, 0x00000000e6cb3000, 0x0000000100000000)
   the space 286092K,  95% used [0x00000000d5550000, 0x00000000e5fe05a8, 0x00000000e5fe0600, 0x00000000e6cb3000)
 Metaspace       used 76692K, capacity 78302K, committed 78552K, reserved 1116160K
  class space    used 10607K, capacity 10870K, committed 10968K, reserved 1048576K
Event: 115.272 GC heap after
Heap after GC invocations=891 (full 14):
 def new generation   total 128832K, used 3017K [0x00000000c0000000, 0x00000000c8bc0000, 0x00000000d5550000)
  eden space 114560K,   0% used [0x00000000c0000000, 0x00000000c0000000, 0x00000000c6fe0000)
  from space 14272K,  21% used [0x00000000c7dd0000, 0x00000000c80c25b0, 0x00000000c8bc0000)
  to   space 14272K,   0% used [0x00000000c6fe0000, 0x00000000c6fe0000, 0x00000000c7dd0000)
 tenured generation   total 286092K, used 273108K [0x00000000d5550000, 0x00000000e6cb3000, 0x0000000100000000)
   the space 286092K,  95% used [0x00000000d5550000, 0x00000000e6005378, 0x00000000e6005400, 0x00000000e6cb3000)
 Metaspace       used 76692K, capacity 78302K, committed 78552K, reserved 1116160K
  class space    used 10607K, capacity 10870K, committed 10968K, reserved 1048576K
}
Event: 115.521 GC heap before
{Heap before GC invocations=891 (full 14):
 def new generation   total 128832K, used 117577K [0x00000000c0000000, 0x00000000c8bc0000, 0x00000000d5550000)
  eden space 114560K, 100% used [0x00000000c0000000, 0x00000000c6fe0000, 0x00000000c6fe0000)
  from space 14272K,  21% used [0x00000000c7dd0000, 0x00000000c80c25b0, 0x00000000c8bc0000)
  to   space 14272K,   0% used [0x00000000c6fe0000, 0x00000000c6fe0000, 0x00000000c7dd0000)
 tenured generation   total 286092K, used 273108K [0x00000000d5550000, 0x00000000e6cb3000, 0x0000000100000000)
   the space 286092K,  95% used [0x00000000d5550000, 0x00000000e6005378, 0x00000000e6005400, 0x00000000e6cb3000)
 Metaspace       used 76692K, capacity 78302K, committed 78552K, reserved 1116160K
  class space    used 10607K, capacity 10870K, committed 10968K, reserved 1048576K
Event: 115.528 GC heap after
Heap after GC invocations=892 (full 14):
 def new generation   total 128832K, used 3068K [0x00000000c0000000, 0x00000000c8bc0000, 0x00000000d5550000)
  eden space 114560K,   0% used [0x00000000c0000000, 0x00000000c0000000, 0x00000000c6fe0000)
  from space 14272K,  21% used [0x00000000c6fe0000, 0x00000000c72df270, 0x00000000c7dd0000)
  to   space 14272K,   0% used [0x00000000c7dd0000, 0x00000000c7dd0000, 0x00000000c8bc0000)
 tenured generation   total 286092K, used 273265K [0x00000000d5550000, 0x00000000e6cb3000, 0x0000000100000000)
   the space 286092K,  95% used [0x00000000d5550000, 0x00000000e602c500, 0x00000000e602c600, 0x00000000e6cb3000)
 Metaspace       used 76692K, capacity 78302K, committed 78552K, reserved 1116160K
  class space    used 10607K, capacity 10870K, committed 10968K, reserved 1048576K
}
Event: 115.735 GC heap before
{Heap before GC invocations=892 (full 14):
 def new generation   total 128832K, used 117628K [0x00000000c0000000, 0x00000000c8bc0000, 0x00000000d5550000)
  eden space 114560K, 100% used [0x00000000c0000000, 0x00000000c6fe0000, 0x00000000c6fe0000)
  from space 14272K,  21% used [0x00000000c6fe0000, 0x00000000c72df270, 0x00000000c7dd0000)
  to   space 14272K,   0% used [0x00000000c7dd0000, 0x00000000c7dd0000, 0x00000000c8bc0000)
 tenured generation   total 286092K, used 273265K [0x00000000d5550000, 0x00000000e6cb3000, 0x0000000100000000)
   the space 286092K,  95% used [0x00000000d5550000, 0x00000000e602c500, 0x00000000e602c600, 0x00000000e6cb3000)
 Metaspace       used 76701K, capacity 78372K, committed 78552K, reserved 1116160K
  class space    used 10607K, capacity 10871K, committed 10968K, reserved 1048576K
Event: 115.742 GC heap after
Heap after GC invocations=893 (full 14):
 def new generation   total 128832K, used 3002K [0x00000000c0000000, 0x00000000c8bc0000, 0x00000000d5550000)
  eden space 114560K,   0% used [0x00000000c0000000, 0x00000000c0000000, 0x00000000c6fe0000)
  from space 14272K,  21% used [0x00000000c7dd0000, 0x00000000c80be830, 0x00000000c8bc0000)
  to   space 14272K,   0% used [0x00000000c6fe0000, 0x00000000c6fe0000, 0x00000000c7dd0000)
 tenured generation   total 286092K, used 273408K [0x00000000d5550000, 0x00000000e6cb3000, 0x0000000100000000)
   the space 286092K,  95% used [0x00000000d5550000, 0x00000000e6050018, 0x00000000e6050200, 0x00000000e6cb3000)
 Metaspace       used 76701K, capacity 78372K, committed 78552K, reserved 1116160K
  class space    used 10607K, capacity 10871K, committed 10968K, reserved 1048576K
}
Event: 115.963 GC heap before
{Heap before GC invocations=893 (full 14):
 def new generation   total 128832K, used 117562K [0x00000000c0000000, 0x00000000c8bc0000, 0x00000000d5550000)
  eden space 114560K, 100% used [0x00000000c0000000, 0x00000000c6fe0000, 0x00000000c6fe0000)
  from space 14272K,  21% used [0x00000000c7dd0000, 0x00000000c80be830, 0x00000000c8bc0000)
  to   space 14272K,   0% used [0x00000000c6fe0000, 0x00000000c6fe0000, 0x00000000c7dd0000)
 tenured generation   total 286092K, used 273408K [0x00000000d5550000, 0x00000000e6cb3000, 0x0000000100000000)
   the space 286092K,  95% used [0x00000000d5550000, 0x00000000e6050018, 0x00000000e6050200, 0x00000000e6cb3000)
 Metaspace       used 76701K, capacity 78372K, committed 78552K, reserved 1116160K
  class space    used 10607K, capacity 10871K, committed 10968K, reserved 1048576K
Event: 115.969 GC heap after
Heap after GC invocations=894 (full 14):
 def new generation   total 128832K, used 3046K [0x00000000c0000000, 0x00000000c8bc0000, 0x00000000d5550000)
  eden space 114560K,   0% used [0x00000000c0000000, 0x00000000c0000000, 0x00000000c6fe0000)
  from space 14272K,  21% used [0x00000000c6fe0000, 0x00000000c72d9bc8, 0x00000000c7dd0000)
  to   space 14272K,   0% used [0x00000000c7dd0000, 0x00000000c7dd0000, 0x00000000c8bc0000)
 tenured generation   total 286092K, used 273578K [0x00000000d5550000, 0x00000000e6cb3000, 0x0000000100000000)
   the space 286092K,  95% used [0x00000000d5550000, 0x00000000e607a9c8, 0x00000000e607aa00, 0x00000000e6cb3000)
 Metaspace       used 76701K, capacity 78372K, committed 78552K, reserved 1116160K
  class space    used 10607K, capacity 10871K, committed 10968K, reserved 1048576K
}
Event: 116.259 GC heap before
{Heap before GC invocations=894 (full 14):
 def new generation   total 128832K, used 117606K [0x00000000c0000000, 0x00000000c8bc0000, 0x00000000d5550000)
  eden space 114560K, 100% used [0x00000000c0000000, 0x00000000c6fe0000, 0x00000000c6fe0000)
  from space 14272K,  21% used [0x00000000c6fe0000, 0x00000000c72d9bc8, 0x00000000c7dd0000)
  to   space 14272K,   0% used [0x00000000c7dd0000, 0x00000000c7dd0000, 0x00000000c8bc0000)
 tenured generation   total 286092K, used 273578K [0x00000000d5550000, 0x00000000e6cb3000, 0x0000000100000000)
   the space 286092K,  95% used [0x00000000d5550000, 0x00000000e607a9c8, 0x00000000e607aa00, 0x00000000e6cb3000)
 Metaspace       used 76703K, capacity 78372K, committed 78552K, reserved 1116160K
  class space    used 10607K, capacity 10871K, committed 10968K, reserved 1048576K

