# JRE version: OpenJDK Runtime Environment (8.0_181-b13) (build 1.8.0_181-8u181-b13-0ubuntu0.16.04.1-b13)
# Java VM: OpenJDK 64-Bit Server VM (25.181-b13 mixed mode linux-amd64 compressed oops)
Heap:
 def new generation   total 137088K, used 0K [0x00000000c0000000, 0x00000000c94b0000, 0x00000000d5550000)
  eden space 121920K,   0% used [0x00000000c0000000, 0x00000000c0000000, 0x00000000c7710000)
  from space 15168K,   0% used [0x00000000c7710000, 0x00000000c7710000, 0x00000000c85e0000)
  to   space 15168K,   0% used [0x00000000c85e0000, 0x00000000c85e0000, 0x00000000c94b0000)
 tenured generation   total 320804K, used 255874K [0x00000000d5550000, 0x00000000e8e99000, 0x0000000100000000)
   the space 320804K,  79% used [0x00000000d5550000, 0x00000000e4f30858, 0x00000000e4f30a00, 0x00000000e8e99000)
 Metaspace       used 78326K, capacity 79898K, committed 80344K, reserved 1118208K
  class space    used 10642K, capacity 10897K, committed 10968K, reserved 1048576K
GC Heap History (10 events):
Event: 1528.218 GC heap after
Heap after GC invocations=1869 (full 16):
 def new generation   total 137088K, used 3288K [0x00000000c0000000, 0x00000000c94b0000, 0x00000000d5550000)
  eden space 121920K,   0% used [0x00000000c0000000, 0x00000000c0000000, 0x00000000c7710000)
  from space 15168K,  21% used [0x00000000c85e0000, 0x00000000c89163a8, 0x00000000c94b0000)
  to   space 15168K,   0% used [0x00000000c7710000, 0x00000000c7710000, 0x00000000c85e0000)
 tenured generation   total 304416K, used 283362K [0x00000000d5550000, 0x00000000e7e98000, 0x0000000100000000)
   the space 304416K,  93% used [0x00000000d5550000, 0x00000000e6a08a18, 0x00000000e6a08c00, 0x00000000e7e98000)
 Metaspace       used 78321K, capacity 79898K, committed 80344K, reserved 1118208K
  class space    used 10642K, capacity 10897K, committed 10968K, reserved 1048576K
}
Event: 1528.477 GC heap before
{Heap before GC invocations=1869 (full 16):
 def new generation   total 137088K, used 125208K [0x00000000c0000000, 0x00000000c94b0000, 0x00000000d5550000)
  eden space 121920K, 100% used [0x00000000c0000000, 0x00000000c7710000, 0x00000000c7710000)
  from space 15168K,  21% used [0x00000000c85e0000, 0x00000000c89163a8, 0x00000000c94b0000)
  to   space 15168K,   0% used [0x00000000c7710000, 0x00000000c7710000, 0x00000000c85e0000)
 tenured generation   total 304416K, used 283362K [0x00000000d5550000, 0x00000000e7e98000, 0x0000000100000000)
   the space 304416K,  93% used [0x00000000d5550000, 0x00000000e6a08a18, 0x00000000e6a08c00, 0x00000000e7e98000)
 Metaspace       used 78321K, capacity 79898K, committed 80344K, reserved 1118208K
  class space    used 10642K, capacity 10897K, committed 10968K, reserved 1048576K
Event: 1528.569 GC heap after
Heap after GC invocations=1870 (full 16):
 def new generation   total 137088K, used 3905K [0x00000000c0000000, 0x00000000c94b0000, 0x00000000d5550000)
  eden space 121920K,   0% used [0x00000000c0000000, 0x00000000c0000000, 0x00000000c7710000)
  from space 15168K,  25% used [0x00000000c7710000, 0x00000000c7ae0460, 0x00000000c85e0000)
  to   space 15168K,   0% used [0x00000000c85e0000, 0x00000000c85e0000, 0x00000000c94b0000)
 tenured generation   total 304416K, used 299877K [0x00000000d5550000, 0x00000000e7e98000, 0x0000000100000000)
   the space 304416K,  98% used [0x00000000d5550000, 0x00000000e7a296e8, 0x00000000e7a29800, 0x00000000e7e98000)
 Metaspace       used 78321K, capacity 79898K, committed 80344K, reserved 1118208K
  class space    used 10642K, capacity 10897K, committed 10968K, reserved 1048576K
}
Event: 1528.947 GC heap before
{Heap before GC invocations=1870 (full 16):
 def new generation   total 137088K, used 125825K [0x00000000c0000000, 0x00000000c94b0000, 0x00000000d5550000)
  eden space 121920K, 100% used [0x00000000c0000000, 0x00000000c7710000, 0x00000000c7710000)
  from space 15168K,  25% used [0x00000000c7710000, 0x00000000c7ae0460, 0x00000000c85e0000)
  to   space 15168K,   0% used [0x00000000c85e0000, 0x00000000c85e0000, 0x00000000c94b0000)
 tenured generation   total 304416K, used 299877K [0x00000000d5550000, 0x00000000e7e98000, 0x0000000100000000)
   the space 304416K,  98% used [0x00000000d5550000, 0x00000000e7a296e8, 0x00000000e7a29800, 0x00000000e7e98000)
 Metaspace       used 78322K, capacity 79898K, committed 80344K, reserved 1118208K
  class space    used 10642K, capacity 10897K, committed 10968K, reserved 1048576K
Event: 1528.963 GC heap after
Heap after GC invocations=1871 (full 16):
 def new generation   total 137088K, used 3156K [0x00000000c0000000, 0x00000000c94b0000, 0x00000000d5550000)
  eden space 121920K,   0% used [0x00000000c0000000, 0x00000000c0000000, 0x00000000c7710000)
  from space 15168K,  20% used [0x00000000c85e0000, 0x00000000c88f5148, 0x00000000c94b0000)
  to   space 15168K,   0% used [0x00000000c7710000, 0x00000000c7710000, 0x00000000c85e0000)
 tenured generation   total 304416K, used 300001K [0x00000000d5550000, 0x00000000e7e98000, 0x0000000100000000)
   the space 304416K,  98% used [0x00000000d5550000, 0x00000000e7a485b8, 0x00000000e7a48600, 0x00000000e7e98000)
 Metaspace       used 78322K, capacity 79898K, committed 80344K, reserved 1118208K
  class space    used 10642K, capacity 10897K, committed 10968K, reserved 1048576K
}
Event: 1529.281 GC heap before
{Heap before GC invocations=1871 (full 16):
 def new generation   total 137088K, used 125076K [0x00000000c0000000, 0x00000000c94b0000, 0x00000000d5550000)
  eden space 121920K, 100% used [0x00000000c0000000, 0x00000000c7710000, 0x00000000c7710000)
  from space 15168K,  20% used [0x00000000c85e0000, 0x00000000c88f5148, 0x00000000c94b0000)
  to   space 15168K,   0% used [0x00000000c7710000, 0x00000000c7710000, 0x00000000c85e0000)
 tenured generation   total 304416K, used 300001K [0x00000000d5550000, 0x00000000e7e98000, 0x0000000100000000)
   the space 304416K,  98% used [0x00000000d5550000, 0x00000000e7a485b8, 0x00000000e7a48600, 0x00000000e7e98000)
 Metaspace       used 78322K, capacity 79898K, committed 80344K, reserved 1118208K
  class space    used 10642K, capacity 10897K, committed 10968K, reserved 1048576K
Event: 1529.293 GC heap after
Heap after GC invocations=1872 (full 16):
 def new generation   total 137088K, used 2976K [0x00000000c0000000, 0x00000000c94b0000, 0x00000000d5550000)
  eden space 121920K,   0% used [0x00000000c0000000, 0x00000000c0000000, 0x00000000c7710000)
  from space 15168K,  19% used [0x00000000c7710000, 0x00000000c79f80c8, 0x00000000c85e0000)
  to   space 15168K,   0% used [0x00000000c85e0000, 0x00000000c85e0000, 0x00000000c94b0000)
 tenured generation   total 304416K, used 300417K [0x00000000d5550000, 0x00000000e7e98000, 0x0000000100000000)
   the space 304416K,  98% used [0x00000000d5550000, 0x00000000e7ab0610, 0x00000000e7ab0800, 0x00000000e7e98000)
 Metaspace       used 78322K, capacity 79898K, committed 80344K, reserved 1118208K
  class space    used 10642K, capacity 10897K, committed 10968K, reserved 1048576K
}
Event: 1529.547 GC heap before
{Heap before GC invocations=1872 (full 16):
 def new generation   total 137088K, used 124687K [0x00000000c0000000, 0x00000000c94b0000, 0x00000000d5550000)
  eden space 121920K,  99% used [0x00000000c0000000, 0x00000000c76dbb98, 0x00000000c7710000)
  from space 15168K,  19% used [0x00000000c7710000, 0x00000000c79f80c8, 0x00000000c85e0000)
  to   space 15168K,   0% used [0x00000000c85e0000, 0x00000000c85e0000, 0x00000000c94b0000)
 tenured generation   total 304416K, used 300417K [0x00000000d5550000, 0x00000000e7e98000, 0x0000000100000000)
   the space 304416K,  98% used [0x00000000d5550000, 0x00000000e7ab0610, 0x00000000e7ab0800, 0x00000000e7e98000)
 Metaspace       used 78322K, capacity 79898K, committed 80344K, reserved 1118208K
  class space    used 10642K, capacity 10897K, committed 10968K, reserved 1048576K
Event: 1529.564 GC heap after
Heap after GC invocations=1873 (full 16):
 def new generation   total 137088K, used 3307K [0x00000000c0000000, 0x00000000c94b0000, 0x00000000d5550000)
  eden space 121920K,   0% used [0x00000000c0000000, 0x00000000c0000000, 0x00000000c7710000)
  from space 15168K,  21% used [0x00000000c85e0000, 0x00000000c891ad58, 0x00000000c94b0000)
  to   space 15168K,   0% used [0x00000000c7710000, 0x00000000c7710000, 0x00000000c85e0000)
 tenured generation   total 304416K, used 300475K [0x00000000d5550000, 0x00000000e7e98000, 0x0000000100000000)
   the space 304416K,  98% used [0x00000000d5550000, 0x00000000e7abef08, 0x00000000e7abf000, 0x00000000e7e98000)
 Metaspace       used 78322K, capacity 79898K, committed 80344K, reserved 1118208K
  class space    used 10642K, capacity 10897K, committed 10968K, reserved 1048576K
}
Event: 1529.901 GC heap before
{Heap before GC invocations=1873 (full 16):
 def new generation   total 137088K, used 125227K [0x00000000c0000000, 0x00000000c94b0000, 0x00000000d5550000)
  eden space 121920K, 100% used [0x00000000c0000000, 0x00000000c7710000, 0x00000000c7710000)
  from space 15168K,  21% used [0x00000000c85e0000, 0x00000000c891ad58, 0x00000000c94b0000)
  to   space 15168K,   0% used [0x00000000c7710000, 0x00000000c7710000, 0x00000000c85e0000)
 tenured generation   total 304416K, used 300475K [0x00000000d5550000, 0x00000000e7e98000, 0x0000000100000000)
   the space 304416K,  98% used [0x00000000d5550000, 0x00000000e7abef08, 0x00000000e7abf000, 0x00000000e7e98000)
 Metaspace       used 78326K, capacity 79898K, committed 80344K, reserved 1118208K
  class space    used 10642K, capacity 10897K, committed 10968K, reserved 1048576K

