# JRE version: OpenJDK Runtime Environment (8.0_181-b13) (build 1.8.0_181-8u181-b13-0ubuntu0.16.04.1-b13)
# Java VM: OpenJDK 64-Bit Server VM (25.181-b13 mixed mode linux-amd64 compressed oops)
Heap:
 def new generation   total 151552K, used 0K [0x00000000c0000000, 0x00000000ca470000, 0x00000000d5550000)
  eden space 134720K,   0% used [0x00000000c0000000, 0x00000000c0000000, 0x00000000c8390000)
  from space 16832K,   0% used [0x00000000c9400000, 0x00000000c9400000, 0x00000000ca470000)
  to   space 16832K,   0% used [0x00000000c8390000, 0x00000000c8390000, 0x00000000c9400000)
 tenured generation   total 353008K, used 264585K [0x00000000d5550000, 0x00000000eae0c000, 0x0000000100000000)
   the space 353008K,  74% used [0x00000000d5550000, 0x00000000e57b2548, 0x00000000e57b2600, 0x00000000eae0c000)
 Metaspace       used 76450K, capacity 78130K, committed 78296K, reserved 1116160K
  class space    used 10603K, capacity 10876K, committed 10968K, reserved 1048576K
GC Heap History (10 events):
Event: 83.105 GC heap after
Heap after GC invocations=685 (full 11):
 def new generation   total 151552K, used 3400K [0x00000000c0000000, 0x00000000ca470000, 0x00000000d5550000)
  eden space 134720K,   0% used [0x00000000c0000000, 0x00000000c0000000, 0x00000000c8390000)
  from space 16832K,  20% used [0x00000000c8390000, 0x00000000c86e2038, 0x00000000c9400000)
  to   space 16832K,   0% used [0x00000000c9400000, 0x00000000c9400000, 0x00000000ca470000)
 tenured generation   total 336620K, used 321155K [0x00000000d5550000, 0x00000000e9e0b000, 0x0000000100000000)
   the space 336620K,  95% used [0x00000000d5550000, 0x00000000e8ef0fe0, 0x00000000e8ef1000, 0x00000000e9e0b000)
 Metaspace       used 76433K, capacity 78118K, committed 78296K, reserved 1116160K
  class space    used 10602K, capacity 10874K, committed 10968K, reserved 1048576K
}
Event: 83.387 GC heap before
{Heap before GC invocations=685 (full 11):
 def new generation   total 151552K, used 138120K [0x00000000c0000000, 0x00000000ca470000, 0x00000000d5550000)
  eden space 134720K, 100% used [0x00000000c0000000, 0x00000000c8390000, 0x00000000c8390000)
  from space 16832K,  20% used [0x00000000c8390000, 0x00000000c86e2038, 0x00000000c9400000)
  to   space 16832K,   0% used [0x00000000c9400000, 0x00000000c9400000, 0x00000000ca470000)
 tenured generation   total 336620K, used 321155K [0x00000000d5550000, 0x00000000e9e0b000, 0x0000000100000000)
   the space 336620K,  95% used [0x00000000d5550000, 0x00000000e8ef0fe0, 0x00000000e8ef1000, 0x00000000e9e0b000)
 Metaspace       used 76438K, capacity 78124K, committed 78296K, reserved 1116160K
  class space    used 10602K, capacity 10875K, committed 10968K, reserved 1048576K
Event: 83.394 GC heap after
Heap after GC invocations=686 (full 11):
 def new generation   total 151552K, used 3347K [0x00000000c0000000, 0x00000000ca470000, 0x00000000d5550000)
  eden space 134720K,   0% used [0x00000000c0000000, 0x00000000c0000000, 0x00000000c8390000)
  from space 16832K,  19% used [0x00000000c9400000, 0x00000000c9744df0, 0x00000000ca470000)
  to   space 16832K,   0% used [0x00000000c8390000, 0x00000000c8390000, 0x00000000c9400000)
 tenured generation   total 336620K, used 321324K [0x00000000d5550000, 0x00000000e9e0b000, 0x0000000100000000)
   the space 336620K,  95% used [0x00000000d5550000, 0x00000000e8f1b090, 0x00000000e8f1b200, 0x00000000e9e0b000)
 Metaspace       used 76438K, capacity 78124K, committed 78296K, reserved 1116160K
  class space    used 10602K, capacity 10875K, committed 10968K, reserved 1048576K
}
Event: 83.701 GC heap before
{Heap before GC invocations=686 (full 11):
 def new generation   total 151552K, used 138002K [0x00000000c0000000, 0x00000000ca470000, 0x00000000d5550000)
  eden space 134720K,  99% used [0x00000000c0000000, 0x00000000c837fdd8, 0x00000000c8390000)
  from space 16832K,  19% used [0x00000000c9400000, 0x00000000c9744df0, 0x00000000ca470000)
  to   space 16832K,   0% used [0x00000000c8390000, 0x00000000c8390000, 0x00000000c9400000)
 tenured generation   total 336620K, used 321324K [0x00000000d5550000, 0x00000000e9e0b000, 0x0000000100000000)
   the space 336620K,  95% used [0x00000000d5550000, 0x00000000e8f1b090, 0x00000000e8f1b200, 0x00000000e9e0b000)
 Metaspace       used 76438K, capacity 78124K, committed 78296K, reserved 1116160K
  class space    used 10602K, capacity 10875K, committed 10968K, reserved 1048576K
Event: 83.709 GC heap after
Heap after GC invocations=687 (full 11):
 def new generation   total 151552K, used 3406K [0x00000000c0000000, 0x00000000ca470000, 0x00000000d5550000)
  eden space 134720K,   0% used [0x00000000c0000000, 0x00000000c0000000, 0x00000000c8390000)
  from space 16832K,  20% used [0x00000000c8390000, 0x00000000c86e3ae0, 0x00000000c9400000)
  to   space 16832K,   0% used [0x00000000c9400000, 0x00000000c9400000, 0x00000000ca470000)
 tenured generation   total 336620K, used 321508K [0x00000000d5550000, 0x00000000e9e0b000, 0x0000000100000000)
   the space 336620K,  95% used [0x00000000d5550000, 0x00000000e8f49320, 0x00000000e8f49400, 0x00000000e9e0b000)
 Metaspace       used 76438K, capacity 78124K, committed 78296K, reserved 1116160K
  class space    used 10602K, capacity 10875K, committed 10968K, reserved 1048576K
}
Event: 83.994 GC heap before
{Heap before GC invocations=687 (full 11):
 def new generation   total 151552K, used 138126K [0x00000000c0000000, 0x00000000ca470000, 0x00000000d5550000)
  eden space 134720K, 100% used [0x00000000c0000000, 0x00000000c8390000, 0x00000000c8390000)
  from space 16832K,  20% used [0x00000000c8390000, 0x00000000c86e3ae0, 0x00000000c9400000)
  to   space 16832K,   0% used [0x00000000c9400000, 0x00000000c9400000, 0x00000000ca470000)
 tenured generation   total 336620K, used 321508K [0x00000000d5550000, 0x00000000e9e0b000, 0x0000000100000000)
   the space 336620K,  95% used [0x00000000d5550000, 0x00000000e8f49320, 0x00000000e8f49400, 0x00000000e9e0b000)
 Metaspace       used 76449K, capacity 78130K, committed 78296K, reserved 1116160K
  class space    used 10603K, capacity 10876K, committed 10968K, reserved 1048576K
Event: 84.001 GC heap after
Heap after GC invocations=688 (full 11):
 def new generation   total 151552K, used 3375K [0x00000000c0000000, 0x00000000ca470000, 0x00000000d5550000)
  eden space 134720K,   0% used [0x00000000c0000000, 0x00000000c0000000, 0x00000000c8390000)
  from space 16832K,  20% used [0x00000000c9400000, 0x00000000c974bd68, 0x00000000ca470000)
  to   space 16832K,   0% used [0x00000000c8390000, 0x00000000c8390000, 0x00000000c9400000)
 tenured generation   total 336620K, used 321677K [0x00000000d5550000, 0x00000000e9e0b000, 0x0000000100000000)
   the space 336620K,  95% used [0x00000000d5550000, 0x00000000e8f73548, 0x00000000e8f73600, 0x00000000e9e0b000)
 Metaspace       used 76449K, capacity 78130K, committed 78296K, reserved 1116160K
  class space    used 10603K, capacity 10876K, committed 10968K, reserved 1048576K
}
Event: 84.328 GC heap before
{Heap before GC invocations=688 (full 11):
 def new generation   total 151552K, used 138095K [0x00000000c0000000, 0x00000000ca470000, 0x00000000d5550000)
  eden space 134720K, 100% used [0x00000000c0000000, 0x00000000c8390000, 0x00000000c8390000)
  from space 16832K,  20% used [0x00000000c9400000, 0x00000000c974bd68, 0x00000000ca470000)
  to   space 16832K,   0% used [0x00000000c8390000, 0x00000000c8390000, 0x00000000c9400000)
 tenured generation   total 336620K, used 321677K [0x00000000d5550000, 0x00000000e9e0b000, 0x0000000100000000)
   the space 336620K,  95% used [0x00000000d5550000, 0x00000000e8f73548, 0x00000000e8f73600, 0x00000000e9e0b000)
 Metaspace       used 76449K, capacity 78130K, committed 78296K, reserved 1116160K
  class space    used 10603K, capacity 10876K, committed 10968K, reserved 1048576K
Event: 84.339 GC heap after
Heap after GC invocations=689 (full 11):
 def new generation   total 151552K, used 3439K [0x00000000c0000000, 0x00000000ca470000, 0x00000000d5550000)
  eden space 134720K,   0% used [0x00000000c0000000, 0x00000000c0000000, 0x00000000c8390000)
  from space 16832K,  20% used [0x00000000c8390000, 0x00000000c86ebcf8, 0x00000000c9400000)
  to   space 16832K,   0% used [0x00000000c9400000, 0x00000000c9400000, 0x00000000ca470000)
 tenured generation   total 336620K, used 321856K [0x00000000d5550000, 0x00000000e9e0b000, 0x0000000100000000)
   the space 336620K,  95% used [0x00000000d5550000, 0x00000000e8fa0088, 0x00000000e8fa0200, 0x00000000e9e0b000)
 Metaspace       used 76449K, capacity 78130K, committed 78296K, reserved 1116160K
  class space    used 10603K, capacity 10876K, committed 10968K, reserved 1048576K
}
Event: 84.618 GC heap before
{Heap before GC invocations=689 (full 11):
 def new generation   total 151552K, used 138159K [0x00000000c0000000, 0x00000000ca470000, 0x00000000d5550000)
  eden space 134720K, 100% used [0x00000000c0000000, 0x00000000c8390000, 0x00000000c8390000)
  from space 16832K,  20% used [0x00000000c8390000, 0x00000000c86ebcf8, 0x00000000c9400000)
  to   space 16832K,   0% used [0x00000000c9400000, 0x00000000c9400000, 0x00000000ca470000)
 tenured generation   total 336620K, used 321856K [0x00000000d5550000, 0x00000000e9e0b000, 0x0000000100000000)
   the space 336620K,  95% used [0x00000000d5550000, 0x00000000e8fa0088, 0x00000000e8fa0200, 0x00000000e9e0b000)
 Metaspace       used 76450K, capacity 78130K, committed 78296K, reserved 1116160K
  class space    used 10603K, capacity 10876K, committed 10968K, reserved 1048576K

