# JRE version: OpenJDK Runtime Environment (8.0_181-b13) (build 1.8.0_181-8u181-b13-0ubuntu0.16.04.1-b13)
# Java VM: OpenJDK 64-Bit Server VM (25.181-b13 mixed mode linux-amd64 compressed oops)
Heap:
 def new generation   total 92096K, used 86074K [0x00000000c0000000, 0x00000000c63e0000, 0x00000000d5550000)
  eden space 81920K, 100% used [0x00000000c0000000, 0x00000000c5000000, 0x00000000c5000000)
  from space 10176K,  40% used [0x00000000c5000000, 0x00000000c540e990, 0x00000000c59f0000)
  to   space 10176K,  25% used [0x00000000c59f0000, 0x00000000c5c7a130, 0x00000000c63e0000)
 tenured generation   total 220812K, used 209537K [0x00000000d5550000, 0x00000000e2cf3000, 0x0000000100000000)
   the space 220812K,  94% used [0x00000000d5550000, 0x00000000e21f04a0, 0x00000000e21f0600, 0x00000000e2cf3000)
 Metaspace       used 101087K, capacity 104268K, committed 104664K, reserved 1140736K
  class space    used 13011K, capacity 13453K, committed 13528K, reserved 1048576K
GC Heap History (10 events):
Event: 2070.117 GC heap after
Heap after GC invocations=865 (full 11):
 def new generation   total 92096K, used 3717K [0x00000000c0000000, 0x00000000c63e0000, 0x00000000d5550000)
  eden space 81920K,   0% used [0x00000000c0000000, 0x00000000c0000000, 0x00000000c5000000)
  from space 10176K,  36% used [0x00000000c5000000, 0x00000000c53a1438, 0x00000000c59f0000)
  to   space 10176K,   0% used [0x00000000c59f0000, 0x00000000c59f0000, 0x00000000c63e0000)
 tenured generation   total 204424K, used 176285K [0x00000000d5550000, 0x00000000e1cf2000, 0x0000000100000000)
   the space 204424K,  86% used [0x00000000d5550000, 0x00000000e01776d8, 0x00000000e0177800, 0x00000000e1cf2000)
 Metaspace       used 101018K, capacity 104198K, committed 104664K, reserved 1140736K
  class space    used 13010K, capacity 13452K, committed 13528K, reserved 1048576K
}
Event: 2070.247 GC heap before
{Heap before GC invocations=865 (full 11):
 def new generation   total 92096K, used 85637K [0x00000000c0000000, 0x00000000c63e0000, 0x00000000d5550000)
  eden space 81920K, 100% used [0x00000000c0000000, 0x00000000c5000000, 0x00000000c5000000)
  from space 10176K,  36% used [0x00000000c5000000, 0x00000000c53a1438, 0x00000000c59f0000)
  to   space 10176K,   0% used [0x00000000c59f0000, 0x00000000c59f0000, 0x00000000c63e0000)
 tenured generation   total 204424K, used 176285K [0x00000000d5550000, 0x00000000e1cf2000, 0x0000000100000000)
   the space 204424K,  86% used [0x00000000d5550000, 0x00000000e01776d8, 0x00000000e0177800, 0x00000000e1cf2000)
 Metaspace       used 101018K, capacity 104198K, committed 104664K, reserved 1140736K
  class space    used 13010K, capacity 13452K, committed 13528K, reserved 1048576K
Event: 2070.302 GC heap after
Heap after GC invocations=866 (full 11):
 def new generation   total 92096K, used 3571K [0x00000000c0000000, 0x00000000c63e0000, 0x00000000d5550000)
  eden space 81920K,   0% used [0x00000000c0000000, 0x00000000c0000000, 0x00000000c5000000)
  from space 10176K,  35% used [0x00000000c59f0000, 0x00000000c5d6cf10, 0x00000000c63e0000)
  to   space 10176K,   0% used [0x00000000c5000000, 0x00000000c5000000, 0x00000000c59f0000)
 tenured generation   total 204424K, used 192814K [0x00000000d5550000, 0x00000000e1cf2000, 0x0000000100000000)
   the space 204424K,  94% used [0x00000000d5550000, 0x00000000e119bbe0, 0x00000000e119bc00, 0x00000000e1cf2000)
 Metaspace       used 101018K, capacity 104198K, committed 104664K, reserved 1140736K
  class space    used 13010K, capacity 13452K, committed 13528K, reserved 1048576K
}
Event: 2070.462 GC heap before
{Heap before GC invocations=866 (full 11):
 def new generation   total 92096K, used 85491K [0x00000000c0000000, 0x00000000c63e0000, 0x00000000d5550000)
  eden space 81920K, 100% used [0x00000000c0000000, 0x00000000c5000000, 0x00000000c5000000)
  from space 10176K,  35% used [0x00000000c59f0000, 0x00000000c5d6cf10, 0x00000000c63e0000)
  to   space 10176K,   0% used [0x00000000c5000000, 0x00000000c5000000, 0x00000000c59f0000)
 tenured generation   total 204424K, used 192814K [0x00000000d5550000, 0x00000000e1cf2000, 0x0000000100000000)
   the space 204424K,  94% used [0x00000000d5550000, 0x00000000e119bbe0, 0x00000000e119bc00, 0x00000000e1cf2000)
 Metaspace       used 101018K, capacity 104198K, committed 104664K, reserved 1140736K
  class space    used 13010K, capacity 13452K, committed 13528K, reserved 1048576K
Event: 2070.473 GC heap after
Heap after GC invocations=867 (full 11):
 def new generation   total 92096K, used 3458K [0x00000000c0000000, 0x00000000c63e0000, 0x00000000d5550000)
  eden space 81920K,   0% used [0x00000000c0000000, 0x00000000c0000000, 0x00000000c5000000)
  from space 10176K,  33% used [0x00000000c5000000, 0x00000000c5360b78, 0x00000000c59f0000)
  to   space 10176K,   0% used [0x00000000c59f0000, 0x00000000c59f0000, 0x00000000c63e0000)
 tenured generation   total 204424K, used 192924K [0x00000000d5550000, 0x00000000e1cf2000, 0x0000000100000000)
   the space 204424K,  94% used [0x00000000d5550000, 0x00000000e11b7118, 0x00000000e11b7200, 0x00000000e1cf2000)
 Metaspace       used 101018K, capacity 104198K, committed 104664K, reserved 1140736K
  class space    used 13010K, capacity 13452K, committed 13528K, reserved 1048576K
}
Event: 2070.703 GC heap before
{Heap before GC invocations=867 (full 11):
 def new generation   total 92096K, used 85378K [0x00000000c0000000, 0x00000000c63e0000, 0x00000000d5550000)
  eden space 81920K, 100% used [0x00000000c0000000, 0x00000000c5000000, 0x00000000c5000000)
  from space 10176K,  33% used [0x00000000c5000000, 0x00000000c5360b78, 0x00000000c59f0000)
  to   space 10176K,   0% used [0x00000000c59f0000, 0x00000000c59f0000, 0x00000000c63e0000)
 tenured generation   total 204424K, used 192924K [0x00000000d5550000, 0x00000000e1cf2000, 0x0000000100000000)
   the space 204424K,  94% used [0x00000000d5550000, 0x00000000e11b7118, 0x00000000e11b7200, 0x00000000e1cf2000)
 Metaspace       used 101083K, capacity 104262K, committed 104664K, reserved 1140736K
  class space    used 13010K, capacity 13452K, committed 13528K, reserved 1048576K
Event: 2070.708 GC heap after
Heap after GC invocations=868 (full 11):
 def new generation   total 92096K, used 3613K [0x00000000c0000000, 0x00000000c63e0000, 0x00000000d5550000)
  eden space 81920K,   0% used [0x00000000c0000000, 0x00000000c0000000, 0x00000000c5000000)
  from space 10176K,  35% used [0x00000000c59f0000, 0x00000000c5d77618, 0x00000000c63e0000)
  to   space 10176K,   0% used [0x00000000c5000000, 0x00000000c5000000, 0x00000000c59f0000)
 tenured generation   total 204424K, used 193032K [0x00000000d5550000, 0x00000000e1cf2000, 0x0000000100000000)
   the space 204424K,  94% used [0x00000000d5550000, 0x00000000e11d22a8, 0x00000000e11d2400, 0x00000000e1cf2000)
 Metaspace       used 101083K, capacity 104262K, committed 104664K, reserved 1140736K
  class space    used 13010K, capacity 13452K, committed 13528K, reserved 1048576K
}
Event: 2070.946 GC heap before
{Heap before GC invocations=868 (full 11):
 def new generation   total 92096K, used 85533K [0x00000000c0000000, 0x00000000c63e0000, 0x00000000d5550000)
  eden space 81920K, 100% used [0x00000000c0000000, 0x00000000c5000000, 0x00000000c5000000)
  from space 10176K,  35% used [0x00000000c59f0000, 0x00000000c5d77618, 0x00000000c63e0000)
  to   space 10176K,   0% used [0x00000000c5000000, 0x00000000c5000000, 0x00000000c59f0000)
 tenured generation   total 204424K, used 193032K [0x00000000d5550000, 0x00000000e1cf2000, 0x0000000100000000)
   the space 204424K,  94% used [0x00000000d5550000, 0x00000000e11d22a8, 0x00000000e11d2400, 0x00000000e1cf2000)
 Metaspace       used 101087K, capacity 104268K, committed 104664K, reserved 1140736K
  class space    used 13011K, capacity 13453K, committed 13528K, reserved 1048576K
Event: 2070.958 GC heap after
Heap after GC invocations=869 (full 11):
 def new generation   total 92096K, used 4154K [0x00000000c0000000, 0x00000000c63e0000, 0x00000000d5550000)
  eden space 81920K,   0% used [0x00000000c0000000, 0x00000000c0000000, 0x00000000c5000000)
  from space 10176K,  40% used [0x00000000c5000000, 0x00000000c540e990, 0x00000000c59f0000)
  to   space 10176K,   0% used [0x00000000c59f0000, 0x00000000c59f0000, 0x00000000c63e0000)
 tenured generation   total 204424K, used 193143K [0x00000000d5550000, 0x00000000e1cf2000, 0x0000000100000000)
   the space 204424K,  94% used [0x00000000d5550000, 0x00000000e11ede80, 0x00000000e11ee000, 0x00000000e1cf2000)
 Metaspace       used 101087K, capacity 104268K, committed 104664K, reserved 1140736K
  class space    used 13011K, capacity 13453K, committed 13528K, reserved 1048576K
}
Event: 2071.089 GC heap before
{Heap before GC invocations=869 (full 11):
 def new generation   total 92096K, used 86074K [0x00000000c0000000, 0x00000000c63e0000, 0x00000000d5550000)
  eden space 81920K, 100% used [0x00000000c0000000, 0x00000000c5000000, 0x00000000c5000000)
  from space 10176K,  40% used [0x00000000c5000000, 0x00000000c540e990, 0x00000000c59f0000)
  to   space 10176K,   0% used [0x00000000c59f0000, 0x00000000c59f0000, 0x00000000c63e0000)
 tenured generation   total 204424K, used 193143K [0x00000000d5550000, 0x00000000e1cf2000, 0x0000000100000000)
   the space 204424K,  94% used [0x00000000d5550000, 0x00000000e11ede80, 0x00000000e11ee000, 0x00000000e1cf2000)
 Metaspace       used 101087K, capacity 104268K, committed 104664K, reserved 1140736K
  class space    used 13011K, capacity 13453K, committed 13528K, reserved 1048576K

