# JRE version: OpenJDK Runtime Environment (8.0_181-b13) (build 1.8.0_181-8u181-b13-0ubuntu0.16.04.1-b13)
# Java VM: OpenJDK 64-Bit Server VM (25.181-b13 mixed mode linux-amd64 compressed oops)
Heap:
 def new generation   total 90880K, used 0K [0x00000000c0000000, 0x00000000c6290000, 0x00000000d5550000)
  eden space 80832K,   0% used [0x00000000c0000000, 0x00000000c0000000, 0x00000000c4ef0000)
  from space 10048K,   0% used [0x00000000c58c0000, 0x00000000c58c0000, 0x00000000c6290000)
  to   space 10048K,   0% used [0x00000000c4ef0000, 0x00000000c4ef0000, 0x00000000c58c0000)
 tenured generation   total 218152K, used 150115K [0x00000000d5550000, 0x00000000e2a5a000, 0x0000000100000000)
   the space 218152K,  68% used [0x00000000d5550000, 0x00000000de7e8e88, 0x00000000de7e9000, 0x00000000e2a5a000)
 Metaspace       used 101242K, capacity 103968K, committed 105560K, reserved 1140736K
  class space    used 13003K, capacity 13394K, committed 13656K, reserved 1048576K
GC Heap History (10 events):
Event: 1895.925 GC heap after
Heap after GC invocations=1101 (full 11):
 def new generation   total 90880K, used 2502K [0x00000000c0000000, 0x00000000c6290000, 0x00000000d5550000)
  eden space 80832K,   0% used [0x00000000c0000000, 0x00000000c0000000, 0x00000000c4ef0000)
  from space 10048K,  24% used [0x00000000c4ef0000, 0x00000000c51618c0, 0x00000000c58c0000)
  to   space 10048K,   0% used [0x00000000c58c0000, 0x00000000c58c0000, 0x00000000c6290000)
 tenured generation   total 201764K, used 161595K [0x00000000d5550000, 0x00000000e1a59000, 0x0000000100000000)
   the space 201764K,  80% used [0x00000000d5550000, 0x00000000df31eda8, 0x00000000df31ee00, 0x00000000e1a59000)
 Metaspace       used 101238K, capacity 103962K, committed 105560K, reserved 1140736K
  class space    used 13003K, capacity 13393K, committed 13656K, reserved 1048576K
}
Event: 1896.076 GC heap before
{Heap before GC invocations=1101 (full 11):
 def new generation   total 90880K, used 83334K [0x00000000c0000000, 0x00000000c6290000, 0x00000000d5550000)
  eden space 80832K, 100% used [0x00000000c0000000, 0x00000000c4ef0000, 0x00000000c4ef0000)
  from space 10048K,  24% used [0x00000000c4ef0000, 0x00000000c51618c0, 0x00000000c58c0000)
  to   space 10048K,   0% used [0x00000000c58c0000, 0x00000000c58c0000, 0x00000000c6290000)
 tenured generation   total 201764K, used 161595K [0x00000000d5550000, 0x00000000e1a59000, 0x0000000100000000)
   the space 201764K,  80% used [0x00000000d5550000, 0x00000000df31eda8, 0x00000000df31ee00, 0x00000000e1a59000)
 Metaspace       used 101238K, capacity 103962K, committed 105560K, reserved 1140736K
  class space    used 13003K, capacity 13393K, committed 13656K, reserved 1048576K
Event: 1896.092 GC heap after
Heap after GC invocations=1102 (full 11):
 def new generation   total 90880K, used 2230K [0x00000000c0000000, 0x00000000c6290000, 0x00000000d5550000)
  eden space 80832K,   0% used [0x00000000c0000000, 0x00000000c0000000, 0x00000000c4ef0000)
  from space 10048K,  22% used [0x00000000c58c0000, 0x00000000c5aed980, 0x00000000c6290000)
  to   space 10048K,   0% used [0x00000000c4ef0000, 0x00000000c4ef0000, 0x00000000c58c0000)
 tenured generation   total 201764K, used 178075K [0x00000000d5550000, 0x00000000e1a59000, 0x0000000100000000)
   the space 201764K,  88% used [0x00000000d5550000, 0x00000000e0336f30, 0x00000000e0337000, 0x00000000e1a59000)
 Metaspace       used 101238K, capacity 103962K, committed 105560K, reserved 1140736K
  class space    used 13003K, capacity 13393K, committed 13656K, reserved 1048576K
}
Event: 1896.297 GC heap before
{Heap before GC invocations=1102 (full 11):
 def new generation   total 90880K, used 83062K [0x00000000c0000000, 0x00000000c6290000, 0x00000000d5550000)
  eden space 80832K, 100% used [0x00000000c0000000, 0x00000000c4ef0000, 0x00000000c4ef0000)
  from space 10048K,  22% used [0x00000000c58c0000, 0x00000000c5aed980, 0x00000000c6290000)
  to   space 10048K,   0% used [0x00000000c4ef0000, 0x00000000c4ef0000, 0x00000000c58c0000)
 tenured generation   total 201764K, used 178075K [0x00000000d5550000, 0x00000000e1a59000, 0x0000000100000000)
   the space 201764K,  88% used [0x00000000d5550000, 0x00000000e0336f30, 0x00000000e0337000, 0x00000000e1a59000)
 Metaspace       used 101238K, capacity 103962K, committed 105560K, reserved 1140736K
  class space    used 13003K, capacity 13393K, committed 13656K, reserved 1048576K
Event: 1896.303 GC heap after
Heap after GC invocations=1103 (full 11):
 def new generation   total 90880K, used 2253K [0x00000000c0000000, 0x00000000c6290000, 0x00000000d5550000)
  eden space 80832K,   0% used [0x00000000c0000000, 0x00000000c0000000, 0x00000000c4ef0000)
  from space 10048K,  22% used [0x00000000c4ef0000, 0x00000000c51235e0, 0x00000000c58c0000)
  to   space 10048K,   0% used [0x00000000c58c0000, 0x00000000c58c0000, 0x00000000c6290000)
 tenured generation   total 201764K, used 178171K [0x00000000d5550000, 0x00000000e1a59000, 0x0000000100000000)
   the space 201764K,  88% used [0x00000000d5550000, 0x00000000e034ee00, 0x00000000e034ee00, 0x00000000e1a59000)
 Metaspace       used 101238K, capacity 103962K, committed 105560K, reserved 1140736K
  class space    used 13003K, capacity 13393K, committed 13656K, reserved 1048576K
}
Event: 1896.500 GC heap before
{Heap before GC invocations=1103 (full 11):
 def new generation   total 90880K, used 83085K [0x00000000c0000000, 0x00000000c6290000, 0x00000000d5550000)
  eden space 80832K, 100% used [0x00000000c0000000, 0x00000000c4ef0000, 0x00000000c4ef0000)
  from space 10048K,  22% used [0x00000000c4ef0000, 0x00000000c51235e0, 0x00000000c58c0000)
  to   space 10048K,   0% used [0x00000000c58c0000, 0x00000000c58c0000, 0x00000000c6290000)
 tenured generation   total 201764K, used 178171K [0x00000000d5550000, 0x00000000e1a59000, 0x0000000100000000)
   the space 201764K,  88% used [0x00000000d5550000, 0x00000000e034ee00, 0x00000000e034ee00, 0x00000000e1a59000)
 Metaspace       used 101238K, capacity 103962K, committed 105560K, reserved 1140736K
  class space    used 13003K, capacity 13393K, committed 13656K, reserved 1048576K
Event: 1896.506 GC heap after
Heap after GC invocations=1104 (full 11):
 def new generation   total 90880K, used 2362K [0x00000000c0000000, 0x00000000c6290000, 0x00000000d5550000)
  eden space 80832K,   0% used [0x00000000c0000000, 0x00000000c0000000, 0x00000000c4ef0000)
  from space 10048K,  23% used [0x00000000c58c0000, 0x00000000c5b0ea50, 0x00000000c6290000)
  to   space 10048K,   0% used [0x00000000c4ef0000, 0x00000000c4ef0000, 0x00000000c58c0000)
 tenured generation   total 201764K, used 178288K [0x00000000d5550000, 0x00000000e1a59000, 0x0000000100000000)
   the space 201764K,  88% used [0x00000000d5550000, 0x00000000e036c308, 0x00000000e036c400, 0x00000000e1a59000)
 Metaspace       used 101238K, capacity 103962K, committed 105560K, reserved 1140736K
  class space    used 13003K, capacity 13393K, committed 13656K, reserved 1048576K
}
Event: 1896.645 GC heap before
{Heap before GC invocations=1104 (full 11):
 def new generation   total 90880K, used 77442K [0x00000000c0000000, 0x00000000c6290000, 0x00000000d5550000)
  eden space 80832K,  92% used [0x00000000c0000000, 0x00000000c4952008, 0x00000000c4ef0000)
  from space 10048K,  23% used [0x00000000c58c0000, 0x00000000c5b0ea50, 0x00000000c6290000)
  to   space 10048K,   0% used [0x00000000c4ef0000, 0x00000000c4ef0000, 0x00000000c58c0000)
 tenured generation   total 201764K, used 178288K [0x00000000d5550000, 0x00000000e1a59000, 0x0000000100000000)
   the space 201764K,  88% used [0x00000000d5550000, 0x00000000e036c308, 0x00000000e036c400, 0x00000000e1a59000)
 Metaspace       used 101238K, capacity 103962K, committed 105560K, reserved 1140736K
  class space    used 13003K, capacity 13393K, committed 13656K, reserved 1048576K
Event: 1896.651 GC heap after
Heap after GC invocations=1105 (full 11):
 def new generation   total 90880K, used 2153K [0x00000000c0000000, 0x00000000c6290000, 0x00000000d5550000)
  eden space 80832K,   0% used [0x00000000c0000000, 0x00000000c0000000, 0x00000000c4ef0000)
  from space 10048K,  21% used [0x00000000c4ef0000, 0x00000000c510a4b8, 0x00000000c58c0000)
  to   space 10048K,   0% used [0x00000000c58c0000, 0x00000000c58c0000, 0x00000000c6290000)
 tenured generation   total 201764K, used 178946K [0x00000000d5550000, 0x00000000e1a59000, 0x0000000100000000)
   the space 201764K,  88% used [0x00000000d5550000, 0x00000000e0410898, 0x00000000e0410a00, 0x00000000e1a59000)
 Metaspace       used 101238K, capacity 103962K, committed 105560K, reserved 1140736K
  class space    used 13003K, capacity 13393K, committed 13656K, reserved 1048576K
}
Event: 1896.741 GC heap before
{Heap before GC invocations=1105 (full 11):
 def new generation   total 90880K, used 82985K [0x00000000c0000000, 0x00000000c6290000, 0x00000000d5550000)
  eden space 80832K, 100% used [0x00000000c0000000, 0x00000000c4ef0000, 0x00000000c4ef0000)
  from space 10048K,  21% used [0x00000000c4ef0000, 0x00000000c510a4b8, 0x00000000c58c0000)
  to   space 10048K,   0% used [0x00000000c58c0000, 0x00000000c58c0000, 0x00000000c6290000)
 tenured generation   total 201764K, used 178946K [0x00000000d5550000, 0x00000000e1a59000, 0x0000000100000000)
   the space 201764K,  88% used [0x00000000d5550000, 0x00000000e0410898, 0x00000000e0410a00, 0x00000000e1a59000)
 Metaspace       used 101242K, capacity 103968K, committed 105560K, reserved 1140736K
  class space    used 13003K, capacity 13394K, committed 13656K, reserved 1048576K

