# JRE version: OpenJDK Runtime Environment (8.0_181-b13) (build 1.8.0_181-8u181-b13-0ubuntu0.16.04.1-b13)
# Java VM: OpenJDK 64-Bit Server VM (25.181-b13 mixed mode linux-amd64 compressed oops)
Heap:
 def new generation   total 78272K, used 0K [0x00000000c0000000, 0x00000000c54e0000, 0x00000000d5550000)
  eden space 69632K,   0% used [0x00000000c0000000, 0x00000000c0000000, 0x00000000c4400000)
  from space 8640K,   0% used [0x00000000c4400000, 0x00000000c4400000, 0x00000000c4c70000)
  to   space 8640K,   0% used [0x00000000c4c70000, 0x00000000c4c70000, 0x00000000c54e0000)
 tenured generation   total 174688K, used 147508K [0x00000000d5550000, 0x00000000dffe8000, 0x0000000100000000)
   the space 174688K,  84% used [0x00000000d5550000, 0x00000000de55d138, 0x00000000de55d200, 0x00000000dffe8000)
 Metaspace       used 101394K, capacity 104972K, committed 105176K, reserved 1140736K
  class space    used 13042K, capacity 13526K, committed 13528K, reserved 1048576K
GC Heap History (10 events):
Event: 135.520 GC heap after
Heap after GC invocations=994 (full 12):
 def new generation   total 78272K, used 3682K [0x00000000c0000000, 0x00000000c54e0000, 0x00000000d5550000)
  eden space 69632K,   0% used [0x00000000c0000000, 0x00000000c0000000, 0x00000000c4400000)
  from space 8640K,  42% used [0x00000000c4c70000, 0x00000000c50089a8, 0x00000000c54e0000)
  to   space 8640K,   0% used [0x00000000c4400000, 0x00000000c4400000, 0x00000000c4c70000)
 tenured generation   total 173660K, used 151188K [0x00000000d5550000, 0x00000000dfee7000, 0x0000000100000000)
   the space 173660K,  87% used [0x00000000d5550000, 0x00000000de8f5020, 0x00000000de8f5200, 0x00000000dfee7000)
 Metaspace       used 101391K, capacity 104972K, committed 105176K, reserved 1140736K
  class space    used 13042K, capacity 13526K, committed 13528K, reserved 1048576K
}
Event: 135.656 GC heap before
{Heap before GC invocations=994 (full 12):
 def new generation   total 78272K, used 73314K [0x00000000c0000000, 0x00000000c54e0000, 0x00000000d5550000)
  eden space 69632K, 100% used [0x00000000c0000000, 0x00000000c4400000, 0x00000000c4400000)
  from space 8640K,  42% used [0x00000000c4c70000, 0x00000000c50089a8, 0x00000000c54e0000)
  to   space 8640K,   0% used [0x00000000c4400000, 0x00000000c4400000, 0x00000000c4c70000)
 tenured generation   total 173660K, used 151188K [0x00000000d5550000, 0x00000000dfee7000, 0x0000000100000000)
   the space 173660K,  87% used [0x00000000d5550000, 0x00000000de8f5020, 0x00000000de8f5200, 0x00000000dfee7000)
 Metaspace       used 101391K, capacity 104972K, committed 105176K, reserved 1140736K
  class space    used 13042K, capacity 13526K, committed 13528K, reserved 1048576K
Event: 135.660 GC heap after
Heap after GC invocations=995 (full 12):
 def new generation   total 78272K, used 3938K [0x00000000c0000000, 0x00000000c54e0000, 0x00000000d5550000)
  eden space 69632K,   0% used [0x00000000c0000000, 0x00000000c0000000, 0x00000000c4400000)
  from space 8640K,  45% used [0x00000000c4400000, 0x00000000c47d8960, 0x00000000c4c70000)
  to   space 8640K,   0% used [0x00000000c4c70000, 0x00000000c4c70000, 0x00000000c54e0000)
 tenured generation   total 173660K, used 151188K [0x00000000d5550000, 0x00000000dfee7000, 0x0000000100000000)
   the space 173660K,  87% used [0x00000000d5550000, 0x00000000de8f50d0, 0x00000000de8f5200, 0x00000000dfee7000)
 Metaspace       used 101391K, capacity 104972K, committed 105176K, reserved 1140736K
  class space    used 13042K, capacity 13526K, committed 13528K, reserved 1048576K
}
Event: 135.800 GC heap before
{Heap before GC invocations=995 (full 12):
 def new generation   total 78272K, used 73570K [0x00000000c0000000, 0x00000000c54e0000, 0x00000000d5550000)
  eden space 69632K, 100% used [0x00000000c0000000, 0x00000000c4400000, 0x00000000c4400000)
  from space 8640K,  45% used [0x00000000c4400000, 0x00000000c47d8960, 0x00000000c4c70000)
  to   space 8640K,   0% used [0x00000000c4c70000, 0x00000000c4c70000, 0x00000000c54e0000)
 tenured generation   total 173660K, used 151188K [0x00000000d5550000, 0x00000000dfee7000, 0x0000000100000000)
   the space 173660K,  87% used [0x00000000d5550000, 0x00000000de8f50d0, 0x00000000de8f5200, 0x00000000dfee7000)
 Metaspace       used 101391K, capacity 104972K, committed 105176K, reserved 1140736K
  class space    used 13042K, capacity 13526K, committed 13528K, reserved 1048576K
Event: 135.804 GC heap after
Heap after GC invocations=996 (full 12):
 def new generation   total 78272K, used 3935K [0x00000000c0000000, 0x00000000c54e0000, 0x00000000d5550000)
  eden space 69632K,   0% used [0x00000000c0000000, 0x00000000c0000000, 0x00000000c4400000)
  from space 8640K,  45% used [0x00000000c4c70000, 0x00000000c5047ec0, 0x00000000c54e0000)
  to   space 8640K,   0% used [0x00000000c4400000, 0x00000000c4400000, 0x00000000c4c70000)
 tenured generation   total 173660K, used 151188K [0x00000000d5550000, 0x00000000dfee7000, 0x0000000100000000)
   the space 173660K,  87% used [0x00000000d5550000, 0x00000000de8f50d0, 0x00000000de8f5200, 0x00000000dfee7000)
 Metaspace       used 101391K, capacity 104972K, committed 105176K, reserved 1140736K
  class space    used 13042K, capacity 13526K, committed 13528K, reserved 1048576K
}
Event: 135.909 GC heap before
{Heap before GC invocations=996 (full 12):
 def new generation   total 78272K, used 73567K [0x00000000c0000000, 0x00000000c54e0000, 0x00000000d5550000)
  eden space 69632K, 100% used [0x00000000c0000000, 0x00000000c4400000, 0x00000000c4400000)
  from space 8640K,  45% used [0x00000000c4c70000, 0x00000000c5047ec0, 0x00000000c54e0000)
  to   space 8640K,   0% used [0x00000000c4400000, 0x00000000c4400000, 0x00000000c4c70000)
 tenured generation   total 173660K, used 151188K [0x00000000d5550000, 0x00000000dfee7000, 0x0000000100000000)
   the space 173660K,  87% used [0x00000000d5550000, 0x00000000de8f50d0, 0x00000000de8f5200, 0x00000000dfee7000)
 Metaspace       used 101391K, capacity 104972K, committed 105176K, reserved 1140736K
  class space    used 13042K, capacity 13526K, committed 13528K, reserved 1048576K
Event: 135.960 GC heap after
Heap after GC invocations=997 (full 12):
 def new generation   total 78272K, used 4450K [0x00000000c0000000, 0x00000000c54e0000, 0x00000000d5550000)
  eden space 69632K,   0% used [0x00000000c0000000, 0x00000000c0000000, 0x00000000c4400000)
  from space 8640K,  51% used [0x00000000c4400000, 0x00000000c4858ad0, 0x00000000c4c70000)
  to   space 8640K,   0% used [0x00000000c4c70000, 0x00000000c4c70000, 0x00000000c54e0000)
 tenured generation   total 173660K, used 167572K [0x00000000d5550000, 0x00000000dfee7000, 0x0000000100000000)
   the space 173660K,  96% used [0x00000000d5550000, 0x00000000df8f50e0, 0x00000000df8f5200, 0x00000000dfee7000)
 Metaspace       used 101391K, capacity 104972K, committed 105176K, reserved 1140736K
  class space    used 13042K, capacity 13526K, committed 13528K, reserved 1048576K
}
Event: 136.096 GC heap before
{Heap before GC invocations=997 (full 12):
 def new generation   total 78272K, used 74082K [0x00000000c0000000, 0x00000000c54e0000, 0x00000000d5550000)
  eden space 69632K, 100% used [0x00000000c0000000, 0x00000000c4400000, 0x00000000c4400000)
  from space 8640K,  51% used [0x00000000c4400000, 0x00000000c4858ad0, 0x00000000c4c70000)
  to   space 8640K,   0% used [0x00000000c4c70000, 0x00000000c4c70000, 0x00000000c54e0000)
 tenured generation   total 173660K, used 167572K [0x00000000d5550000, 0x00000000dfee7000, 0x0000000100000000)
   the space 173660K,  96% used [0x00000000d5550000, 0x00000000df8f50e0, 0x00000000df8f5200, 0x00000000dfee7000)
 Metaspace       used 101391K, capacity 104972K, committed 105176K, reserved 1140736K
  class space    used 13042K, capacity 13526K, committed 13528K, reserved 1048576K
Event: 136.112 GC heap after
Heap after GC invocations=998 (full 12):
 def new generation   total 78272K, used 2955K [0x00000000c0000000, 0x00000000c54e0000, 0x00000000d5550000)
  eden space 69632K,   0% used [0x00000000c0000000, 0x00000000c0000000, 0x00000000c4400000)
  from space 8640K,  34% used [0x00000000c4c70000, 0x00000000c4f52f40, 0x00000000c54e0000)
  to   space 8640K,   0% used [0x00000000c4400000, 0x00000000c4400000, 0x00000000c4c70000)
 tenured generation   total 173660K, used 169067K [0x00000000d5550000, 0x00000000dfee7000, 0x0000000100000000)
   the space 173660K,  97% used [0x00000000d5550000, 0x00000000dfa6acc8, 0x00000000dfa6ae00, 0x00000000dfee7000)
 Metaspace       used 101391K, capacity 104972K, committed 105176K, reserved 1140736K
  class space    used 13042K, capacity 13526K, committed 13528K, reserved 1048576K
}
Event: 136.299 GC heap before
{Heap before GC invocations=998 (full 12):
 def new generation   total 78272K, used 72587K [0x00000000c0000000, 0x00000000c54e0000, 0x00000000d5550000)
  eden space 69632K, 100% used [0x00000000c0000000, 0x00000000c4400000, 0x00000000c4400000)
  from space 8640K,  34% used [0x00000000c4c70000, 0x00000000c4f52f40, 0x00000000c54e0000)
  to   space 8640K,   0% used [0x00000000c4400000, 0x00000000c4400000, 0x00000000c4c70000)
 tenured generation   total 173660K, used 169067K [0x00000000d5550000, 0x00000000dfee7000, 0x0000000100000000)
   the space 173660K,  97% used [0x00000000d5550000, 0x00000000dfa6acc8, 0x00000000dfa6ae00, 0x00000000dfee7000)
 Metaspace       used 101394K, capacity 104972K, committed 105176K, reserved 1140736K
  class space    used 13042K, capacity 13526K, committed 13528K, reserved 1048576K

